<?xml version="1.0" encoding="UTF-8"?>
<testng-results ignored="0" total="0" passed="0" failed="0" skipped="0">
  <reporter-output>
  </reporter-output>
  <suite started-at="2022-02-22T20:48:34 IST" name="Default suite" finished-at="2022-02-22T20:48:34 IST" duration-ms="235">
    <groups>
      <group name="cucumber">
        <method signature="AbstractTestNGCucumberTests.runScenario(io.cucumber.testng.PickleWrapper,io.cucumber.testng.FeatureWrapper)[pri:0, instance:CucumberOptions.UberBooking@58d75e99]" name="runScenario" class="io.cucumber.testng.AbstractTestNGCucumberTests"/>
      </group> <!-- cucumber -->
    </groups>
    <test started-at="2022-02-22T20:48:34 IST" name="Default test" finished-at="2022-02-22T20:48:34 IST" duration-ms="235">
      <class name="CucumberOptions.UberBooking">
        <test-method is-config="true" signature="setUpClass(org.testng.ITestContext)[pri:0, instance:CucumberOptions.UberBooking@58d75e99]" started-at="2022-02-22T20:48:34 IST" name="setUpClass" finished-at="2022-02-22T20:48:34 IST" duration-ms="200" status="PASS">
          <params>
            <param index="0">
              <value>
                <![CDATA[org.testng.TestRunner@3ad2e17]]>
              </value>
            </param>
          </params>
          <reporter-output>
          </reporter-output>
        </test-method> <!-- setUpClass -->
        <test-method is-config="true" signature="tearDownClass()[pri:0, instance:CucumberOptions.UberBooking@58d75e99]" started-at="2022-02-22T20:48:34 IST" name="tearDownClass" finished-at="2022-02-22T20:48:34 IST" duration-ms="12" status="PASS">
          <reporter-output>
          </reporter-output>
        </test-method> <!-- tearDownClass -->
      </class> <!-- CucumberOptions.UberBooking -->
    </test> <!-- Default test -->
  </suite> <!-- Default suite -->
</testng-results>
