<?xml version="1.0" encoding="UTF-8"?>
<testsuite xmlns:xsi="http://www.w3.org/2001/XMLSchema-instance" xsi:noNamespaceSchemaLocation="https://maven.apache.org/surefire/maven-surefire-plugin/xsd/surefire-test-report.xsd" name="CucumberOptions.TestRunner" time="0.359" tests="2" errors="0" skipped="0" failures="0">
  <properties>
[...]
</properties>
  <testcase name="Homepage default login #1" classname="Application Login" time="0.062"/>
  <testcase name="Homepage default login #2" classname="Application Login" time="0"/>
</testsuite>